<?xml version="1.0" encoding="UTF-8"?>
<!-- Generated by org.testng.reporters.JUnitReportReporter -->
<testsuite hostname="MINDQDSNR-PC" failures="0" tests="10" name="framework.testng.InvaCation_Count" time="0.038" errors="0" timestamp="2023-10-17T15:29:53 IST" skipped="0">
  <testcase classname="framework.testng.InvaCation_Count" name="test" time="0.002"/>
  <testcase classname="framework.testng.InvaCation_Count" name="test" time="0.002"/>
  <testcase classname="framework.testng.InvaCation_Count" name="test" time="0.002"/>
  <testcase classname="framework.testng.InvaCation_Count" name="test" time="0.002"/>
  <testcase classname="framework.testng.InvaCation_Count" name="test" time="0.020"/>
  <testcase classname="framework.testng.InvaCation_Count" name="test" time="0.002"/>
  <testcase classname="framework.testng.InvaCation_Count" name="test" time="0.002"/>
  <testcase classname="framework.testng.InvaCation_Count" name="test" time="0.002"/>
  <testcase classname="framework.testng.InvaCation_Count" name="test" time="0.002"/>
  <testcase classname="framework.testng.InvaCation_Count" name="test" time="0.002"/>
</testsuite> <!-- framework.testng.InvaCation_Count -->
