<?xml version="1.0" encoding="UTF-8"?>
<!-- Generated by org.testng.reporters.JUnitReportReporter -->
<testsuite hostname="MINDQDSNR-PC" failures="0" tests="3" name="framework.testng.dataprovider.Read_From_Diff_Class" time="0.015" errors="0" timestamp="2023-12-15T16:18:10 IST" skipped="0">
  <testcase classname="framework.testng.dataprovider.Read_From_Diff_Class" name="test2" time="0.000"/>
  <testcase classname="framework.testng.dataprovider.Read_From_Diff_Class" name="test2" time="0.000"/>
  <testcase classname="framework.testng.dataprovider.Read_From_Diff_Class" name="test2" time="0.015"/>
</testsuite> <!-- framework.testng.dataprovider.Read_From_Diff_Class -->
