<?xml version="1.0" encoding="UTF-8"?>
<!-- Generated by org.testng.reporters.JUnitReportReporter -->
<testsuite hostname="MINDQDSNR-PC" failures="0" tests="2" name="fw_TesNG.WebDriver_TestNG" time="6.100" errors="0" timestamp="2023-12-14T15:23:25 IST" skipped="1">
  <testcase classname="fw_TesNG.WebDriver_TestNG" name="Title" time="6.100">
    <system-out>
      <![CDATA[Title DisplayedFacebook – log in or sign up]]>
    </system-out>
  </testcase> <!-- Title -->
  <testcase classname="fw_TesNG.WebDriver_TestNG" name="Verify_Messanger">
    <skipped/>
  </testcase> <!-- Verify_Messanger -->
  <system-out>
    <![CDATA[tes2 Executed
Title DisplayedFacebook – log in or sign up]]>
  </system-out>
</testsuite> <!-- fw_TesNG.WebDriver_TestNG -->
