<?xml version="1.0" encoding="UTF-8"?>
<!-- Generated by org.testng.reporters.JUnitReportReporter -->
<testsuite hostname="MINDQDSNR-PC" failures="0" tests="1" name="framework.testng.Groups.TestSuite2" time="0.000" errors="0" timestamp="2023-12-14T16:21:11 IST" skipped="0">
  <testcase classname="framework.testng.Groups.TestSuite2" name="tc006" time="0.000">
    <system-out>
      <![CDATA[Tc006 executed]]>
    </system-out>
  </testcase> <!-- tc006 -->
  <system-out>
    <![CDATA[Tc006 executed
tc007  Executed
Tc008 executed]]>
  </system-out>
</testsuite> <!-- framework.testng.Groups.TestSuite2 -->
