<?xml version="1.0" encoding="UTF-8"?>
<!-- Generated by org.testng.reporters.JUnitReportReporter -->
<testsuite hostname="MINDQDSNR-PC" failures="0" tests="2" name="framework.testng.Test_Description" time="0.015" errors="0" timestamp="2023-10-17T15:22:31 IST" skipped="0">
  <testcase classname="framework.testng.Test_Description" name="tc002" time="0.013">
    <system-out>
      <![CDATA[Login InValid Successful]]>
    </system-out>
  </testcase> <!-- tc002 -->
  <testcase classname="framework.testng.Test_Description" name="tc001" time="0.002">
    <system-out>
      <![CDATA[Login Valid Successful]]>
    </system-out>
  </testcase> <!-- tc001 -->
  <system-out>
    <![CDATA[Login InValid Successful
Login Valid Successful]]>
  </system-out>
</testsuite> <!-- framework.testng.Test_Description -->
