<?xml version="1.0" encoding="UTF-8"?>
<!-- Generated by org.testng.reporters.JUnitReportReporter -->
<testsuite hostname="MINDQDSNR-PC" failures="0" tests="2" name="framework.testng.Groups.TestSuite1" time="0.030" errors="0" timestamp="2023-12-14T16:21:11 IST" skipped="0">
  <testcase classname="framework.testng.Groups.TestSuite1" name="tc002" time="0.015"/>
  <testcase classname="framework.testng.Groups.TestSuite1" name="tc001" time="0.015"/>
  <system-out>
    <![CDATA[Tc006 executed
tc007  Executed
Tc008 executed]]>
  </system-out>
</testsuite> <!-- framework.testng.Groups.TestSuite1 -->
