<?xml version="1.0" encoding="UTF-8"?>
<!-- Generated by org.testng.reporters.JUnitReportReporter -->
<testsuite hostname="MINDQDSNR-PC" failures="0" tests="3" name="framework.testng.Test_Priority" time="0.019" errors="0" timestamp="2023-10-17T15:20:48 IST" skipped="0">
  <testcase classname="framework.testng.Test_Priority" name="Instagrampage" time="0.015">
    <system-out>
      <![CDATA[Instagram Title is Verified]]>
    </system-out>
  </testcase> <!-- Instagrampage -->
  <testcase classname="framework.testng.Test_Priority" name="FacebookPage" time="0.002">
    <system-out>
      <![CDATA[Gmail Title is Verified]]>
    </system-out>
  </testcase> <!-- FacebookPage -->
  <testcase classname="framework.testng.Test_Priority" name="Gamil_page" time="0.002">
    <system-out>
      <![CDATA[Gmail Title is Verified]]>
    </system-out>
  </testcase> <!-- Gamil_page -->
  <system-out>
    <![CDATA[Instagram Title is Verified
Gmail Title is Verified
Gmail Title is Verified]]>
  </system-out>
</testsuite> <!-- framework.testng.Test_Priority -->
