<?xml version="1.0" encoding="UTF-8"?>
<!-- Generated by org.testng.reporters.JUnitReportReporter -->
<testsuite hostname="MINDQDSNR-PC" failures="0" tests="3" name="framework.testng.IgnoreAllTests" time="0.019" errors="0" timestamp="2023-10-17T15:17:23 IST" skipped="1">
  <testcase classname="framework.testng.IgnoreAllTests" name="tc003" time="0.017">
    <system-out>
      <![CDATA[Test3 Executed]]>
    </system-out>
  </testcase> <!-- tc003 -->
  <testcase classname="framework.testng.IgnoreAllTests" name="test1" time="0.002">
    <system-out>
      <![CDATA[test1 verified]]>
    </system-out>
  </testcase> <!-- test1 -->
  <testcase classname="framework.testng.IgnoreAllTests" name="tc002">
    <skipped/>
  </testcase> <!-- tc002 -->
  <system-out>
    <![CDATA[Test3 Executed
test1 verified]]>
  </system-out>
</testsuite> <!-- framework.testng.IgnoreAllTests -->
