<?xml version="1.0" encoding="UTF-8"?>
<!-- Generated by org.testng.reporters.JUnitReportReporter -->
<testsuite hostname="MINDQDSNR-PC" failures="0" tests="8" name="framework.testng.Testng_Method_Dependencies" time="0.016" errors="0" timestamp="2023-12-12T14:52:17 IST" skipped="0">
  <testcase classname="framework.testng.Testng_Method_Dependencies" name="Browser_launch" time="0.016">
    <system-out>
      <![CDATA[Browser launch successfull]]>
    </system-out>
  </testcase> <!-- Browser_launch -->
  <testcase classname="framework.testng.Testng_Method_Dependencies" name="App_Load" time="0.000">
    <system-out>
      <![CDATA[Load application successfull]]>
    </system-out>
  </testcase> <!-- App_Load -->
  <testcase classname="framework.testng.Testng_Method_Dependencies" name="User_login" time="0.000">
    <system-out>
      <![CDATA[Account login successfull]]>
    </system-out>
  </testcase> <!-- User_login -->
  <testcase classname="framework.testng.Testng_Method_Dependencies" name="ComposeEmail" time="0.000">
    <system-out>
      <![CDATA[Email sent successfull]]>
    </system-out>
  </testcase> <!-- ComposeEmail -->
  <testcase classname="framework.testng.Testng_Method_Dependencies" name="Search_email" time="0.000">
    <system-out>
      <![CDATA[Email found]]>
    </system-out>
  </testcase> <!-- Search_email -->
  <testcase classname="framework.testng.Testng_Method_Dependencies" name="Verify_Email_At_inbox" time="0.000">
    <system-out>
      <![CDATA[email found at inbox]]>
    </system-out>
  </testcase> <!-- Verify_Email_At_inbox -->
  <testcase classname="framework.testng.Testng_Method_Dependencies" name="Verify_Email_At_Sentemails_AfterSendEmail" time="0.000">
    <system-out>
      <![CDATA[Sent mail found]]>
    </system-out>
  </testcase> <!-- Verify_Email_At_Sentemails_AfterSendEmail -->
  <testcase classname="framework.testng.Testng_Method_Dependencies" name="User_Signout" time="0.000">
    <system-out>
      <![CDATA[Account signout successfull]]>
    </system-out>
  </testcase> <!-- User_Signout -->
  <system-out>
    <![CDATA[Browser launch successfull
Load application successfull
Account login successfull
Email sent successfull
Email found
email found at inbox
Sent mail found
Account signout successfull]]>
  </system-out>
</testsuite> <!-- framework.testng.Testng_Method_Dependencies -->
